INFO - 2023-10-19 06:01:40 --> Session: Class initialized using 'CodeIgniter\Session\Handlers\FileHandler' driver.
INFO - 2023-10-19 06:01:46 --> Session: Class initialized using 'CodeIgniter\Session\Handlers\FileHandler' driver.
INFO - 2023-10-19 06:01:46 --> Session: Class initialized using 'CodeIgniter\Session\Handlers\FileHandler' driver.
INFO - 2023-10-19 06:01:47 --> Session: Class initialized using 'CodeIgniter\Session\Handlers\FileHandler' driver.
INFO - 2023-10-19 06:01:47 --> Session: Class initialized using 'CodeIgniter\Session\Handlers\FileHandler' driver.
INFO - 2023-10-19 07:36:54 --> Session: Class initialized using 'CodeIgniter\Session\Handlers\FileHandler' driver.
INFO - 2023-10-19 07:36:54 --> Session: Class initialized using 'CodeIgniter\Session\Handlers\FileHandler' driver.
INFO - 2023-10-19 07:36:55 --> Session: Class initialized using 'CodeIgniter\Session\Handlers\FileHandler' driver.
INFO - 2023-10-19 08:56:27 --> Session: Class initialized using 'CodeIgniter\Session\Handlers\FileHandler' driver.
INFO - 2023-10-19 08:56:29 --> Session: Class initialized using 'CodeIgniter\Session\Handlers\FileHandler' driver.
INFO - 2023-10-19 08:56:29 --> Session: Class initialized using 'CodeIgniter\Session\Handlers\FileHandler' driver.
INFO - 2023-10-19 08:56:37 --> Session: Class initialized using 'CodeIgniter\Session\Handlers\FileHandler' driver.
INFO - 2023-10-19 08:56:37 --> Session: Class initialized using 'CodeIgniter\Session\Handlers\FileHandler' driver.
INFO - 2023-10-19 08:56:37 --> Session: Class initialized using 'CodeIgniter\Session\Handlers\FileHandler' driver.
INFO - 2023-10-19 08:56:45 --> Session: Class initialized using 'CodeIgniter\Session\Handlers\FileHandler' driver.
INFO - 2023-10-19 08:56:46 --> Session: Class initialized using 'CodeIgniter\Session\Handlers\FileHandler' driver.
INFO - 2023-10-19 08:56:46 --> Session: Class initialized using 'CodeIgniter\Session\Handlers\FileHandler' driver.
INFO - 2023-10-19 08:57:01 --> Session: Class initialized using 'CodeIgniter\Session\Handlers\FileHandler' driver.
INFO - 2023-10-19 08:57:02 --> Session: Class initialized using 'CodeIgniter\Session\Handlers\FileHandler' driver.
INFO - 2023-10-19 08:57:02 --> Session: Class initialized using 'CodeIgniter\Session\Handlers\FileHandler' driver.
INFO - 2023-10-19 08:57:08 --> Session: Class initialized using 'CodeIgniter\Session\Handlers\FileHandler' driver.
INFO - 2023-10-19 08:57:08 --> Session: Class initialized using 'CodeIgniter\Session\Handlers\FileHandler' driver.
INFO - 2023-10-19 08:57:09 --> Session: Class initialized using 'CodeIgniter\Session\Handlers\FileHandler' driver.
INFO - 2023-10-19 08:58:44 --> Session: Class initialized using 'CodeIgniter\Session\Handlers\FileHandler' driver.
INFO - 2023-10-19 08:58:45 --> Session: Class initialized using 'CodeIgniter\Session\Handlers\FileHandler' driver.
INFO - 2023-10-19 08:58:46 --> Session: Class initialized using 'CodeIgniter\Session\Handlers\FileHandler' driver.
INFO - 2023-10-19 08:58:46 --> Session: Class initialized using 'CodeIgniter\Session\Handlers\FileHandler' driver.
INFO - 2023-10-19 08:59:30 --> Session: Class initialized using 'CodeIgniter\Session\Handlers\FileHandler' driver.
INFO - 2023-10-19 08:59:32 --> Session: Class initialized using 'CodeIgniter\Session\Handlers\FileHandler' driver.
INFO - 2023-10-19 08:59:32 --> Session: Class initialized using 'CodeIgniter\Session\Handlers\FileHandler' driver.
INFO - 2023-10-19 08:59:33 --> Session: Class initialized using 'CodeIgniter\Session\Handlers\FileHandler' driver.
INFO - 2023-10-19 08:59:39 --> Session: Class initialized using 'CodeIgniter\Session\Handlers\FileHandler' driver.
INFO - 2023-10-19 08:59:39 --> Session: Class initialized using 'CodeIgniter\Session\Handlers\FileHandler' driver.
INFO - 2023-10-19 08:59:39 --> Session: Class initialized using 'CodeIgniter\Session\Handlers\FileHandler' driver.
INFO - 2023-10-19 08:59:47 --> Session: Class initialized using 'CodeIgniter\Session\Handlers\FileHandler' driver.
INFO - 2023-10-19 08:59:47 --> Session: Class initialized using 'CodeIgniter\Session\Handlers\FileHandler' driver.
INFO - 2023-10-19 08:59:59 --> Session: Class initialized using 'CodeIgniter\Session\Handlers\FileHandler' driver.
INFO - 2023-10-19 09:00:00 --> Session: Class initialized using 'CodeIgniter\Session\Handlers\FileHandler' driver.
INFO - 2023-10-19 09:00:00 --> Session: Class initialized using 'CodeIgniter\Session\Handlers\FileHandler' driver.
INFO - 2023-10-19 09:00:34 --> Session: Class initialized using 'CodeIgniter\Session\Handlers\FileHandler' driver.
INFO - 2023-10-19 09:00:36 --> Session: Class initialized using 'CodeIgniter\Session\Handlers\FileHandler' driver.
INFO - 2023-10-19 09:00:37 --> Session: Class initialized using 'CodeIgniter\Session\Handlers\FileHandler' driver.
INFO - 2023-10-19 09:00:37 --> Session: Class initialized using 'CodeIgniter\Session\Handlers\FileHandler' driver.
INFO - 2023-10-19 09:00:39 --> Session: Class initialized using 'CodeIgniter\Session\Handlers\FileHandler' driver.
INFO - 2023-10-19 09:00:39 --> Session: Class initialized using 'CodeIgniter\Session\Handlers\FileHandler' driver.
INFO - 2023-10-19 09:00:40 --> Session: Class initialized using 'CodeIgniter\Session\Handlers\FileHandler' driver.
INFO - 2023-10-19 09:01:26 --> Session: Class initialized using 'CodeIgniter\Session\Handlers\FileHandler' driver.
INFO - 2023-10-19 09:01:26 --> Session: Class initialized using 'CodeIgniter\Session\Handlers\FileHandler' driver.
INFO - 2023-10-19 09:01:27 --> Session: Class initialized using 'CodeIgniter\Session\Handlers\FileHandler' driver.
INFO - 2023-10-19 09:01:29 --> Session: Class initialized using 'CodeIgniter\Session\Handlers\FileHandler' driver.
INFO - 2023-10-19 09:01:29 --> Session: Class initialized using 'CodeIgniter\Session\Handlers\FileHandler' driver.
INFO - 2023-10-19 09:01:30 --> Session: Class initialized using 'CodeIgniter\Session\Handlers\FileHandler' driver.
INFO - 2023-10-19 09:01:59 --> Session: Class initialized using 'CodeIgniter\Session\Handlers\FileHandler' driver.
INFO - 2023-10-19 09:02:01 --> Session: Class initialized using 'CodeIgniter\Session\Handlers\FileHandler' driver.
INFO - 2023-10-19 09:02:01 --> Session: Class initialized using 'CodeIgniter\Session\Handlers\FileHandler' driver.
INFO - 2023-10-19 09:02:02 --> Session: Class initialized using 'CodeIgniter\Session\Handlers\FileHandler' driver.
ERROR - 2023-10-19 09:02:02 --> mysqli_sql_exception: You have an error in your SQL syntax; check the manual that corresponds to your MariaDB server version for the right syntax to use near '.supplierid = supplier.id 
        INNER join users onpo.usersid = users.id' at line 5 in E:\xampp\htdocs\akzero_web\vendor\codeigniter4\framework\system\Database\MySQLi\Connection.php:295
Stack trace:
#0 E:\xampp\htdocs\akzero_web\vendor\codeigniter4\framework\system\Database\MySQLi\Connection.php(295): mysqli->query('select po.id AS...', 0)
#1 E:\xampp\htdocs\akzero_web\vendor\codeigniter4\framework\system\Database\BaseConnection.php(692): CodeIgniter\Database\MySQLi\Connection->execute('select po.id AS...')
#2 E:\xampp\htdocs\akzero_web\vendor\codeigniter4\framework\system\Database\BaseConnection.php(606): CodeIgniter\Database\BaseConnection->simpleQuery('select po.id AS...')
#3 E:\xampp\htdocs\akzero_web\app\Models\poModel.php(33): CodeIgniter\Database\BaseConnection->query('select po.id AS...')
#4 E:\xampp\htdocs\akzero_web\app\Controllers\Po.php(52): App\Models\poModel->poListajax()
#5 E:\xampp\htdocs\akzero_web\vendor\codeigniter4\framework\system\CodeIgniter.php(932): App\Controllers\po->loadlistpo()
#6 E:\xampp\htdocs\akzero_web\vendor\codeigniter4\framework\system\CodeIgniter.php(497): CodeIgniter\CodeIgniter->runController(Object(App\Controllers\po))
#7 E:\xampp\htdocs\akzero_web\vendor\codeigniter4\framework\system\CodeIgniter.php(366): CodeIgniter\CodeIgniter->handleRequest(NULL, Object(Config\Cache), false)
#8 E:\xampp\htdocs\akzero_web\public\index.php(67): CodeIgniter\CodeIgniter->run()
#9 E:\xampp\htdocs\akzero_web\vendor\codeigniter4\framework\system\Commands\Server\rewrite.php(47): require_once('E:\\xampp\\htdocs...')
#10 {main}
CRITICAL - 2023-10-19 09:02:02 --> You have an error in your SQL syntax; check the manual that corresponds to your MariaDB server version for the right syntax to use near '.supplierid = supplier.id 
        INNER join users onpo.usersid = users.id' at line 5
in SYSTEMPATH\Database\MySQLi\Connection.php on line 295.
 1 SYSTEMPATH\Database\MySQLi\Connection.php(295): mysqli->query('select po.id AS poid,po.pono AS pono,po.podate AS podate,po.indate AS indate,po.currecy AS currecy,supplier.id AS supplierid,
        supplier.suppliername AS suppliername,users.id AS usersid,users.fullname AS fullname,po.discount AS discount,po.ppn AS ppn,
        COALESCE(t1.grandtotal,0) AS grandtotal, po.terbilang AS terbilang,po.postatus AS postatus from po
        left join (select poid, qtyprice * price as grandtotal from po_detail) as t1 on t1.poid = po.id 
        INNER join supplier onpo.supplierid = supplier.id 
        INNER join users onpo.usersid = users.id', 0)
 2 SYSTEMPATH\Database\BaseConnection.php(692): CodeIgniter\Database\MySQLi\Connection->execute('select po.id AS poid,po.pono AS pono,po.podate AS podate,po.indate AS indate,po.currecy AS currecy,supplier.id AS supplierid,
        supplier.suppliername AS suppliername,users.id AS usersid,users.fullname AS fullname,po.discount AS discount,po.ppn AS ppn,
        COALESCE(t1.grandtotal,0) AS grandtotal, po.terbilang AS terbilang,po.postatus AS postatus from po
        left join (select poid, qtyprice * price as grandtotal from po_detail) as t1 on t1.poid = po.id 
        INNER join supplier onpo.supplierid = supplier.id 
        INNER join users onpo.usersid = users.id')
 3 SYSTEMPATH\Database\BaseConnection.php(606): CodeIgniter\Database\BaseConnection->simpleQuery('select po.id AS poid,po.pono AS pono,po.podate AS podate,po.indate AS indate,po.currecy AS currecy,supplier.id AS supplierid,
        supplier.suppliername AS suppliername,users.id AS usersid,users.fullname AS fullname,po.discount AS discount,po.ppn AS ppn,
        COALESCE(t1.grandtotal,0) AS grandtotal, po.terbilang AS terbilang,po.postatus AS postatus from po
        left join (select poid, qtyprice * price as grandtotal from po_detail) as t1 on t1.poid = po.id 
        INNER join supplier onpo.supplierid = supplier.id 
        INNER join users onpo.usersid = users.id')
 4 APPPATH\Models\poModel.php(33): CodeIgniter\Database\BaseConnection->query('select po.id AS poid,po.pono AS pono,po.podate AS podate,po.indate AS indate,po.currecy AS currecy,supplier.id AS supplierid,
        supplier.suppliername AS suppliername,users.id AS usersid,users.fullname AS fullname,po.discount AS discount,po.ppn AS ppn,
        COALESCE(t1.grandtotal,0) AS grandtotal, po.terbilang AS terbilang,po.postatus AS postatus from po
        left join (select poid, qtyprice * price as grandtotal from po_detail) as t1 on t1.poid = po.id 
        INNER join supplier onpo.supplierid = supplier.id 
        INNER join users onpo.usersid = users.id')
 5 APPPATH\Controllers\Po.php(52): App\Models\poModel->poListajax()
 6 SYSTEMPATH\CodeIgniter.php(932): App\Controllers\po->loadlistpo()
 7 SYSTEMPATH\CodeIgniter.php(497): CodeIgniter\CodeIgniter->runController(Object(App\Controllers\po))
 8 SYSTEMPATH\CodeIgniter.php(366): CodeIgniter\CodeIgniter->handleRequest(null, Object(Config\Cache), false)
 9 FCPATH\index.php(67): CodeIgniter\CodeIgniter->run()
10 SYSTEMPATH\Commands\Server\rewrite.php(47): require_once('E:\\xampp\\htdocs\\akzero_web\\public\\index.php')
INFO - 2023-10-19 09:02:19 --> Session: Class initialized using 'CodeIgniter\Session\Handlers\FileHandler' driver.
INFO - 2023-10-19 09:02:20 --> Session: Class initialized using 'CodeIgniter\Session\Handlers\FileHandler' driver.
INFO - 2023-10-19 09:02:20 --> Session: Class initialized using 'CodeIgniter\Session\Handlers\FileHandler' driver.
ERROR - 2023-10-19 09:02:20 --> mysqli_sql_exception: You have an error in your SQL syntax; check the manual that corresponds to your MariaDB server version for the right syntax to use near '.supplierid = supplier.id 
        INNER join users onpo.usersid = users.id' at line 5 in E:\xampp\htdocs\akzero_web\vendor\codeigniter4\framework\system\Database\MySQLi\Connection.php:295
Stack trace:
#0 E:\xampp\htdocs\akzero_web\vendor\codeigniter4\framework\system\Database\MySQLi\Connection.php(295): mysqli->query('select po.id AS...', 0)
#1 E:\xampp\htdocs\akzero_web\vendor\codeigniter4\framework\system\Database\BaseConnection.php(692): CodeIgniter\Database\MySQLi\Connection->execute('select po.id AS...')
#2 E:\xampp\htdocs\akzero_web\vendor\codeigniter4\framework\system\Database\BaseConnection.php(606): CodeIgniter\Database\BaseConnection->simpleQuery('select po.id AS...')
#3 E:\xampp\htdocs\akzero_web\app\Models\poModel.php(33): CodeIgniter\Database\BaseConnection->query('select po.id AS...')
#4 E:\xampp\htdocs\akzero_web\app\Controllers\Po.php(52): App\Models\poModel->poListajax()
#5 E:\xampp\htdocs\akzero_web\vendor\codeigniter4\framework\system\CodeIgniter.php(932): App\Controllers\po->loadlistpo()
#6 E:\xampp\htdocs\akzero_web\vendor\codeigniter4\framework\system\CodeIgniter.php(497): CodeIgniter\CodeIgniter->runController(Object(App\Controllers\po))
#7 E:\xampp\htdocs\akzero_web\vendor\codeigniter4\framework\system\CodeIgniter.php(366): CodeIgniter\CodeIgniter->handleRequest(NULL, Object(Config\Cache), false)
#8 E:\xampp\htdocs\akzero_web\public\index.php(67): CodeIgniter\CodeIgniter->run()
#9 E:\xampp\htdocs\akzero_web\vendor\codeigniter4\framework\system\Commands\Server\rewrite.php(47): require_once('E:\\xampp\\htdocs...')
#10 {main}
CRITICAL - 2023-10-19 09:02:20 --> You have an error in your SQL syntax; check the manual that corresponds to your MariaDB server version for the right syntax to use near '.supplierid = supplier.id 
        INNER join users onpo.usersid = users.id' at line 5
in SYSTEMPATH\Database\MySQLi\Connection.php on line 295.
 1 SYSTEMPATH\Database\MySQLi\Connection.php(295): mysqli->query('select po.id AS poid,po.pono AS pono,po.podate AS podate,po.indate AS indate,po.currecy AS currecy,supplier.id AS supplierid,
        supplier.suppliername AS suppliername,users.id AS usersid,users.fullname AS fullname,po.discount AS discount,po.ppn AS ppn,
        COALESCE(t1.grandtotal,0) AS grandtotal, po.terbilang AS terbilang,po.postatus AS postatus from po
        left join (select poid, qtyprice * price as grandtotal from po_detail) as t1 on t1.poid = po.id 
        INNER join supplier onpo.supplierid = supplier.id 
        INNER join users onpo.usersid = users.id', 0)
 2 SYSTEMPATH\Database\BaseConnection.php(692): CodeIgniter\Database\MySQLi\Connection->execute('select po.id AS poid,po.pono AS pono,po.podate AS podate,po.indate AS indate,po.currecy AS currecy,supplier.id AS supplierid,
        supplier.suppliername AS suppliername,users.id AS usersid,users.fullname AS fullname,po.discount AS discount,po.ppn AS ppn,
        COALESCE(t1.grandtotal,0) AS grandtotal, po.terbilang AS terbilang,po.postatus AS postatus from po
        left join (select poid, qtyprice * price as grandtotal from po_detail) as t1 on t1.poid = po.id 
        INNER join supplier onpo.supplierid = supplier.id 
        INNER join users onpo.usersid = users.id')
 3 SYSTEMPATH\Database\BaseConnection.php(606): CodeIgniter\Database\BaseConnection->simpleQuery('select po.id AS poid,po.pono AS pono,po.podate AS podate,po.indate AS indate,po.currecy AS currecy,supplier.id AS supplierid,
        supplier.suppliername AS suppliername,users.id AS usersid,users.fullname AS fullname,po.discount AS discount,po.ppn AS ppn,
        COALESCE(t1.grandtotal,0) AS grandtotal, po.terbilang AS terbilang,po.postatus AS postatus from po
        left join (select poid, qtyprice * price as grandtotal from po_detail) as t1 on t1.poid = po.id 
        INNER join supplier onpo.supplierid = supplier.id 
        INNER join users onpo.usersid = users.id')
 4 APPPATH\Models\poModel.php(33): CodeIgniter\Database\BaseConnection->query('select po.id AS poid,po.pono AS pono,po.podate AS podate,po.indate AS indate,po.currecy AS currecy,supplier.id AS supplierid,
        supplier.suppliername AS suppliername,users.id AS usersid,users.fullname AS fullname,po.discount AS discount,po.ppn AS ppn,
        COALESCE(t1.grandtotal,0) AS grandtotal, po.terbilang AS terbilang,po.postatus AS postatus from po
        left join (select poid, qtyprice * price as grandtotal from po_detail) as t1 on t1.poid = po.id 
        INNER join supplier onpo.supplierid = supplier.id 
        INNER join users onpo.usersid = users.id')
 5 APPPATH\Controllers\Po.php(52): App\Models\poModel->poListajax()
 6 SYSTEMPATH\CodeIgniter.php(932): App\Controllers\po->loadlistpo()
 7 SYSTEMPATH\CodeIgniter.php(497): CodeIgniter\CodeIgniter->runController(Object(App\Controllers\po))
 8 SYSTEMPATH\CodeIgniter.php(366): CodeIgniter\CodeIgniter->handleRequest(null, Object(Config\Cache), false)
 9 FCPATH\index.php(67): CodeIgniter\CodeIgniter->run()
10 SYSTEMPATH\Commands\Server\rewrite.php(47): require_once('E:\\xampp\\htdocs\\akzero_web\\public\\index.php')
INFO - 2023-10-19 09:02:34 --> Session: Class initialized using 'CodeIgniter\Session\Handlers\FileHandler' driver.
INFO - 2023-10-19 09:04:02 --> Session: Class initialized using 'CodeIgniter\Session\Handlers\FileHandler' driver.
INFO - 2023-10-19 09:04:04 --> Session: Class initialized using 'CodeIgniter\Session\Handlers\FileHandler' driver.
INFO - 2023-10-19 09:04:04 --> Session: Class initialized using 'CodeIgniter\Session\Handlers\FileHandler' driver.
ERROR - 2023-10-19 09:04:04 --> mysqli_sql_exception: You have an error in your SQL syntax; check the manual that corresponds to your MariaDB server version for the right syntax to use near '.supplierid = supplier.id 
        INNER join users onpo.usersid = users.id' at line 5 in E:\xampp\htdocs\akzero_web\vendor\codeigniter4\framework\system\Database\MySQLi\Connection.php:295
Stack trace:
#0 E:\xampp\htdocs\akzero_web\vendor\codeigniter4\framework\system\Database\MySQLi\Connection.php(295): mysqli->query('select po.id AS...', 0)
#1 E:\xampp\htdocs\akzero_web\vendor\codeigniter4\framework\system\Database\BaseConnection.php(692): CodeIgniter\Database\MySQLi\Connection->execute('select po.id AS...')
#2 E:\xampp\htdocs\akzero_web\vendor\codeigniter4\framework\system\Database\BaseConnection.php(606): CodeIgniter\Database\BaseConnection->simpleQuery('select po.id AS...')
#3 E:\xampp\htdocs\akzero_web\app\Models\poModel.php(33): CodeIgniter\Database\BaseConnection->query('select po.id AS...')
#4 E:\xampp\htdocs\akzero_web\app\Controllers\Po.php(52): App\Models\poModel->poListajax()
#5 E:\xampp\htdocs\akzero_web\vendor\codeigniter4\framework\system\CodeIgniter.php(932): App\Controllers\po->loadlistpo()
#6 E:\xampp\htdocs\akzero_web\vendor\codeigniter4\framework\system\CodeIgniter.php(497): CodeIgniter\CodeIgniter->runController(Object(App\Controllers\po))
#7 E:\xampp\htdocs\akzero_web\vendor\codeigniter4\framework\system\CodeIgniter.php(366): CodeIgniter\CodeIgniter->handleRequest(NULL, Object(Config\Cache), false)
#8 E:\xampp\htdocs\akzero_web\public\index.php(67): CodeIgniter\CodeIgniter->run()
#9 E:\xampp\htdocs\akzero_web\vendor\codeigniter4\framework\system\Commands\Server\rewrite.php(47): require_once('E:\\xampp\\htdocs...')
#10 {main}
CRITICAL - 2023-10-19 09:04:04 --> You have an error in your SQL syntax; check the manual that corresponds to your MariaDB server version for the right syntax to use near '.supplierid = supplier.id 
        INNER join users onpo.usersid = users.id' at line 5
in SYSTEMPATH\Database\MySQLi\Connection.php on line 295.
 1 SYSTEMPATH\Database\MySQLi\Connection.php(295): mysqli->query('select po.id AS poid,po.pono AS pono,po.podate AS podate,po.indate AS indate,po.currecy AS currecy,supplier.id AS supplierid,
        supplier.suppliername AS suppliername,users.id AS usersid,users.fullname AS fullname,po.discount AS discount,po.ppn AS ppn,
        COALESCE(t1.grandtotal,0) AS grandtotal, po.terbilang AS terbilang,po.postatus AS postatus from po
        left join (select poid, qtyprice * price as grandtotal from po_detail) as t1 on t1.poid = po.id 
        INNER join supplier onpo.supplierid = supplier.id 
        INNER join users onpo.usersid = users.id', 0)
 2 SYSTEMPATH\Database\BaseConnection.php(692): CodeIgniter\Database\MySQLi\Connection->execute('select po.id AS poid,po.pono AS pono,po.podate AS podate,po.indate AS indate,po.currecy AS currecy,supplier.id AS supplierid,
        supplier.suppliername AS suppliername,users.id AS usersid,users.fullname AS fullname,po.discount AS discount,po.ppn AS ppn,
        COALESCE(t1.grandtotal,0) AS grandtotal, po.terbilang AS terbilang,po.postatus AS postatus from po
        left join (select poid, qtyprice * price as grandtotal from po_detail) as t1 on t1.poid = po.id 
        INNER join supplier onpo.supplierid = supplier.id 
        INNER join users onpo.usersid = users.id')
 3 SYSTEMPATH\Database\BaseConnection.php(606): CodeIgniter\Database\BaseConnection->simpleQuery('select po.id AS poid,po.pono AS pono,po.podate AS podate,po.indate AS indate,po.currecy AS currecy,supplier.id AS supplierid,
        supplier.suppliername AS suppliername,users.id AS usersid,users.fullname AS fullname,po.discount AS discount,po.ppn AS ppn,
        COALESCE(t1.grandtotal,0) AS grandtotal, po.terbilang AS terbilang,po.postatus AS postatus from po
        left join (select poid, qtyprice * price as grandtotal from po_detail) as t1 on t1.poid = po.id 
        INNER join supplier onpo.supplierid = supplier.id 
        INNER join users onpo.usersid = users.id')
 4 APPPATH\Models\poModel.php(33): CodeIgniter\Database\BaseConnection->query('select po.id AS poid,po.pono AS pono,po.podate AS podate,po.indate AS indate,po.currecy AS currecy,supplier.id AS supplierid,
        supplier.suppliername AS suppliername,users.id AS usersid,users.fullname AS fullname,po.discount AS discount,po.ppn AS ppn,
        COALESCE(t1.grandtotal,0) AS grandtotal, po.terbilang AS terbilang,po.postatus AS postatus from po
        left join (select poid, qtyprice * price as grandtotal from po_detail) as t1 on t1.poid = po.id 
        INNER join supplier onpo.supplierid = supplier.id 
        INNER join users onpo.usersid = users.id')
 5 APPPATH\Controllers\Po.php(52): App\Models\poModel->poListajax()
 6 SYSTEMPATH\CodeIgniter.php(932): App\Controllers\po->loadlistpo()
 7 SYSTEMPATH\CodeIgniter.php(497): CodeIgniter\CodeIgniter->runController(Object(App\Controllers\po))
 8 SYSTEMPATH\CodeIgniter.php(366): CodeIgniter\CodeIgniter->handleRequest(null, Object(Config\Cache), false)
 9 FCPATH\index.php(67): CodeIgniter\CodeIgniter->run()
10 SYSTEMPATH\Commands\Server\rewrite.php(47): require_once('E:\\xampp\\htdocs\\akzero_web\\public\\index.php')
INFO - 2023-10-19 09:11:18 --> Session: Class initialized using 'CodeIgniter\Session\Handlers\FileHandler' driver.
INFO - 2023-10-19 09:11:19 --> Session: Class initialized using 'CodeIgniter\Session\Handlers\FileHandler' driver.
INFO - 2023-10-19 09:11:19 --> Session: Class initialized using 'CodeIgniter\Session\Handlers\FileHandler' driver.
ERROR - 2023-10-19 09:11:20 --> mysqli_sql_exception: You have an error in your SQL syntax; check the manual that corresponds to your MariaDB server version for the right syntax to use near '.supplierid = supplier.id 
        INNER join users onpo.usersid = users.id' at line 5 in E:\xampp\htdocs\akzero_web\vendor\codeigniter4\framework\system\Database\MySQLi\Connection.php:295
Stack trace:
#0 E:\xampp\htdocs\akzero_web\vendor\codeigniter4\framework\system\Database\MySQLi\Connection.php(295): mysqli->query('select po.id AS...', 0)
#1 E:\xampp\htdocs\akzero_web\vendor\codeigniter4\framework\system\Database\BaseConnection.php(692): CodeIgniter\Database\MySQLi\Connection->execute('select po.id AS...')
#2 E:\xampp\htdocs\akzero_web\vendor\codeigniter4\framework\system\Database\BaseConnection.php(606): CodeIgniter\Database\BaseConnection->simpleQuery('select po.id AS...')
#3 E:\xampp\htdocs\akzero_web\app\Models\poModel.php(33): CodeIgniter\Database\BaseConnection->query('select po.id AS...')
#4 E:\xampp\htdocs\akzero_web\app\Controllers\Po.php(52): App\Models\poModel->poListajax()
#5 E:\xampp\htdocs\akzero_web\vendor\codeigniter4\framework\system\CodeIgniter.php(932): App\Controllers\po->loadlistpo()
#6 E:\xampp\htdocs\akzero_web\vendor\codeigniter4\framework\system\CodeIgniter.php(497): CodeIgniter\CodeIgniter->runController(Object(App\Controllers\po))
#7 E:\xampp\htdocs\akzero_web\vendor\codeigniter4\framework\system\CodeIgniter.php(366): CodeIgniter\CodeIgniter->handleRequest(NULL, Object(Config\Cache), false)
#8 E:\xampp\htdocs\akzero_web\public\index.php(67): CodeIgniter\CodeIgniter->run()
#9 E:\xampp\htdocs\akzero_web\vendor\codeigniter4\framework\system\Commands\Server\rewrite.php(47): require_once('E:\\xampp\\htdocs...')
#10 {main}
CRITICAL - 2023-10-19 09:11:20 --> You have an error in your SQL syntax; check the manual that corresponds to your MariaDB server version for the right syntax to use near '.supplierid = supplier.id 
        INNER join users onpo.usersid = users.id' at line 5
in SYSTEMPATH\Database\MySQLi\Connection.php on line 295.
 1 SYSTEMPATH\Database\MySQLi\Connection.php(295): mysqli->query('select po.id AS poid,po.pono AS pono,po.podate AS podate,po.indate AS indate,po.currecy AS currecy,supplier.id AS supplierid,
        supplier.suppliername AS suppliername,users.id AS usersid,users.fullname AS fullname,po.discount AS discount,po.ppn AS ppn,
        COALESCE(t1.grandtotal,0) AS grandtotal, po.terbilang AS terbilang,po.postatus AS postatus from po
        left join (select poid, qtyprice * price as grandtotal from po_detail) as t1 on t1.poid = po.id 
        INNER join supplier onpo.supplierid = supplier.id 
        INNER join users onpo.usersid = users.id', 0)
 2 SYSTEMPATH\Database\BaseConnection.php(692): CodeIgniter\Database\MySQLi\Connection->execute('select po.id AS poid,po.pono AS pono,po.podate AS podate,po.indate AS indate,po.currecy AS currecy,supplier.id AS supplierid,
        supplier.suppliername AS suppliername,users.id AS usersid,users.fullname AS fullname,po.discount AS discount,po.ppn AS ppn,
        COALESCE(t1.grandtotal,0) AS grandtotal, po.terbilang AS terbilang,po.postatus AS postatus from po
        left join (select poid, qtyprice * price as grandtotal from po_detail) as t1 on t1.poid = po.id 
        INNER join supplier onpo.supplierid = supplier.id 
        INNER join users onpo.usersid = users.id')
 3 SYSTEMPATH\Database\BaseConnection.php(606): CodeIgniter\Database\BaseConnection->simpleQuery('select po.id AS poid,po.pono AS pono,po.podate AS podate,po.indate AS indate,po.currecy AS currecy,supplier.id AS supplierid,
        supplier.suppliername AS suppliername,users.id AS usersid,users.fullname AS fullname,po.discount AS discount,po.ppn AS ppn,
        COALESCE(t1.grandtotal,0) AS grandtotal, po.terbilang AS terbilang,po.postatus AS postatus from po
        left join (select poid, qtyprice * price as grandtotal from po_detail) as t1 on t1.poid = po.id 
        INNER join supplier onpo.supplierid = supplier.id 
        INNER join users onpo.usersid = users.id')
 4 APPPATH\Models\poModel.php(33): CodeIgniter\Database\BaseConnection->query('select po.id AS poid,po.pono AS pono,po.podate AS podate,po.indate AS indate,po.currecy AS currecy,supplier.id AS supplierid,
        supplier.suppliername AS suppliername,users.id AS usersid,users.fullname AS fullname,po.discount AS discount,po.ppn AS ppn,
        COALESCE(t1.grandtotal,0) AS grandtotal, po.terbilang AS terbilang,po.postatus AS postatus from po
        left join (select poid, qtyprice * price as grandtotal from po_detail) as t1 on t1.poid = po.id 
        INNER join supplier onpo.supplierid = supplier.id 
        INNER join users onpo.usersid = users.id')
 5 APPPATH\Controllers\Po.php(52): App\Models\poModel->poListajax()
 6 SYSTEMPATH\CodeIgniter.php(932): App\Controllers\po->loadlistpo()
 7 SYSTEMPATH\CodeIgniter.php(497): CodeIgniter\CodeIgniter->runController(Object(App\Controllers\po))
 8 SYSTEMPATH\CodeIgniter.php(366): CodeIgniter\CodeIgniter->handleRequest(null, Object(Config\Cache), false)
 9 FCPATH\index.php(67): CodeIgniter\CodeIgniter->run()
10 SYSTEMPATH\Commands\Server\rewrite.php(47): require_once('E:\\xampp\\htdocs\\akzero_web\\public\\index.php')
INFO - 2023-10-19 09:13:05 --> Session: Class initialized using 'CodeIgniter\Session\Handlers\FileHandler' driver.
INFO - 2023-10-19 09:13:06 --> Session: Class initialized using 'CodeIgniter\Session\Handlers\FileHandler' driver.
INFO - 2023-10-19 09:13:07 --> Session: Class initialized using 'CodeIgniter\Session\Handlers\FileHandler' driver.
CRITICAL - 2023-10-19 09:13:07 --> Undefined property: stdClass::$idate
in APPPATH\Controllers\Po.php on line 60.
 1 APPPATH\Controllers\Po.php(60): CodeIgniter\Debug\Exceptions->errorHandler(8, 'Undefined property: stdClass::$idate', 'E:\\xampp\\htdocs\\akzero_web\\app\\Controllers\\Po.php', 60, [...])
 2 SYSTEMPATH\CodeIgniter.php(932): App\Controllers\po->loadlistpo()
 3 SYSTEMPATH\CodeIgniter.php(497): CodeIgniter\CodeIgniter->runController(Object(App\Controllers\po))
 4 SYSTEMPATH\CodeIgniter.php(366): CodeIgniter\CodeIgniter->handleRequest(null, Object(Config\Cache), false)
 5 FCPATH\index.php(67): CodeIgniter\CodeIgniter->run()
 6 SYSTEMPATH\Commands\Server\rewrite.php(47): require_once('E:\\xampp\\htdocs\\akzero_web\\public\\index.php')
INFO - 2023-10-19 09:14:49 --> Session: Class initialized using 'CodeIgniter\Session\Handlers\FileHandler' driver.
INFO - 2023-10-19 09:14:50 --> Session: Class initialized using 'CodeIgniter\Session\Handlers\FileHandler' driver.
INFO - 2023-10-19 09:14:50 --> Session: Class initialized using 'CodeIgniter\Session\Handlers\FileHandler' driver.
CRITICAL - 2023-10-19 09:14:50 --> Undefined property: stdClass::$idate
in APPPATH\Controllers\Po.php on line 60.
 1 APPPATH\Controllers\Po.php(60): CodeIgniter\Debug\Exceptions->errorHandler(8, 'Undefined property: stdClass::$idate', 'E:\\xampp\\htdocs\\akzero_web\\app\\Controllers\\Po.php', 60, [...])
 2 SYSTEMPATH\CodeIgniter.php(932): App\Controllers\po->loadlistpo()
 3 SYSTEMPATH\CodeIgniter.php(497): CodeIgniter\CodeIgniter->runController(Object(App\Controllers\po))
 4 SYSTEMPATH\CodeIgniter.php(366): CodeIgniter\CodeIgniter->handleRequest(null, Object(Config\Cache), false)
 5 FCPATH\index.php(67): CodeIgniter\CodeIgniter->run()
 6 SYSTEMPATH\Commands\Server\rewrite.php(47): require_once('E:\\xampp\\htdocs\\akzero_web\\public\\index.php')
INFO - 2023-10-19 09:21:24 --> Session: Class initialized using 'CodeIgniter\Session\Handlers\FileHandler' driver.
INFO - 2023-10-19 09:21:25 --> Session: Class initialized using 'CodeIgniter\Session\Handlers\FileHandler' driver.
INFO - 2023-10-19 09:21:25 --> Session: Class initialized using 'CodeIgniter\Session\Handlers\FileHandler' driver.
CRITICAL - 2023-10-19 09:21:25 --> Undefined property: stdClass::$idate
in APPPATH\Controllers\Po.php on line 60.
 1 APPPATH\Controllers\Po.php(60): CodeIgniter\Debug\Exceptions->errorHandler(8, 'Undefined property: stdClass::$idate', 'E:\\xampp\\htdocs\\akzero_web\\app\\Controllers\\Po.php', 60, [...])
 2 SYSTEMPATH\CodeIgniter.php(932): App\Controllers\po->loadlistpo()
 3 SYSTEMPATH\CodeIgniter.php(497): CodeIgniter\CodeIgniter->runController(Object(App\Controllers\po))
 4 SYSTEMPATH\CodeIgniter.php(366): CodeIgniter\CodeIgniter->handleRequest(null, Object(Config\Cache), false)
 5 FCPATH\index.php(67): CodeIgniter\CodeIgniter->run()
 6 SYSTEMPATH\Commands\Server\rewrite.php(47): require_once('E:\\xampp\\htdocs\\akzero_web\\public\\index.php')
INFO - 2023-10-19 09:36:20 --> Session: Class initialized using 'CodeIgniter\Session\Handlers\FileHandler' driver.
INFO - 2023-10-19 09:36:21 --> Session: Class initialized using 'CodeIgniter\Session\Handlers\FileHandler' driver.
INFO - 2023-10-19 09:38:14 --> Session: Class initialized using 'CodeIgniter\Session\Handlers\FileHandler' driver.
INFO - 2023-10-19 09:38:15 --> Session: Class initialized using 'CodeIgniter\Session\Handlers\FileHandler' driver.
INFO - 2023-10-19 09:39:45 --> Session: Class initialized using 'CodeIgniter\Session\Handlers\FileHandler' driver.
INFO - 2023-10-19 09:39:47 --> Session: Class initialized using 'CodeIgniter\Session\Handlers\FileHandler' driver.
INFO - 2023-10-19 09:40:07 --> Session: Class initialized using 'CodeIgniter\Session\Handlers\FileHandler' driver.
INFO - 2023-10-19 09:40:09 --> Session: Class initialized using 'CodeIgniter\Session\Handlers\FileHandler' driver.
INFO - 2023-10-19 09:40:59 --> Session: Class initialized using 'CodeIgniter\Session\Handlers\FileHandler' driver.
CRITICAL - 2023-10-19 09:40:59 --> Undefined variable: po
in APPPATH\Views\po\index.php on line 8.
 1 APPPATH\Views\po\index.php(8): CodeIgniter\Debug\Exceptions->errorHandler(8, 'Undefined variable: po', 'E:\\xampp\\htdocs\\akzero_web\\app\\Views\\po\\index.php', 8, [...])
 2 SYSTEMPATH\View\View.php(224): include('E:\\xampp\\htdocs\\akzero_web\\app\\Views\\po\\index.php')
 3 SYSTEMPATH\View\View.php(227): CodeIgniter\View\View->CodeIgniter\View\{closure}()
 4 SYSTEMPATH\Common.php(1180): CodeIgniter\View\View->render('po/index', [], true)
 5 APPPATH\Controllers\Po.php(30): view('po/index', [...])
 6 SYSTEMPATH\CodeIgniter.php(932): App\Controllers\po->index()
 7 SYSTEMPATH\CodeIgniter.php(497): CodeIgniter\CodeIgniter->runController(Object(App\Controllers\po))
 8 SYSTEMPATH\CodeIgniter.php(366): CodeIgniter\CodeIgniter->handleRequest(null, Object(Config\Cache), false)
 9 FCPATH\index.php(67): CodeIgniter\CodeIgniter->run()
10 SYSTEMPATH\Commands\Server\rewrite.php(47): require_once('E:\\xampp\\htdocs\\akzero_web\\public\\index.php')
INFO - 2023-10-19 09:41:31 --> Session: Class initialized using 'CodeIgniter\Session\Handlers\FileHandler' driver.
INFO - 2023-10-19 09:43:17 --> Session: Class initialized using 'CodeIgniter\Session\Handlers\FileHandler' driver.
INFO - 2023-10-19 09:45:21 --> Session: Class initialized using 'CodeIgniter\Session\Handlers\FileHandler' driver.
INFO - 2023-10-19 09:45:22 --> Session: Class initialized using 'CodeIgniter\Session\Handlers\FileHandler' driver.
INFO - 2023-10-19 09:45:25 --> Session: Class initialized using 'CodeIgniter\Session\Handlers\FileHandler' driver.
INFO - 2023-10-19 09:45:26 --> Session: Class initialized using 'CodeIgniter\Session\Handlers\FileHandler' driver.
INFO - 2023-10-19 09:45:34 --> Session: Class initialized using 'CodeIgniter\Session\Handlers\FileHandler' driver.
INFO - 2023-10-19 09:45:36 --> Session: Class initialized using 'CodeIgniter\Session\Handlers\FileHandler' driver.
INFO - 2023-10-19 09:45:37 --> Session: Class initialized using 'CodeIgniter\Session\Handlers\FileHandler' driver.
CRITICAL - 2023-10-19 09:45:37 --> Undefined property: stdClass::$currency
in APPPATH\Controllers\Po.php on line 63.
 1 APPPATH\Controllers\Po.php(63): CodeIgniter\Debug\Exceptions->errorHandler(8, 'Undefined property: stdClass::$currency', 'E:\\xampp\\htdocs\\akzero_web\\app\\Controllers\\Po.php', 63, [...])
 2 SYSTEMPATH\CodeIgniter.php(932): App\Controllers\po->loadlistpo()
 3 SYSTEMPATH\CodeIgniter.php(497): CodeIgniter\CodeIgniter->runController(Object(App\Controllers\po))
 4 SYSTEMPATH\CodeIgniter.php(366): CodeIgniter\CodeIgniter->handleRequest(null, Object(Config\Cache), false)
 5 FCPATH\index.php(67): CodeIgniter\CodeIgniter->run()
 6 SYSTEMPATH\Commands\Server\rewrite.php(47): require_once('E:\\xampp\\htdocs\\akzero_web\\public\\index.php')
INFO - 2023-10-19 09:46:43 --> Session: Class initialized using 'CodeIgniter\Session\Handlers\FileHandler' driver.
INFO - 2023-10-19 09:46:44 --> Session: Class initialized using 'CodeIgniter\Session\Handlers\FileHandler' driver.
INFO - 2023-10-19 09:46:45 --> Session: Class initialized using 'CodeIgniter\Session\Handlers\FileHandler' driver.
INFO - 2023-10-19 09:49:21 --> Session: Class initialized using 'CodeIgniter\Session\Handlers\FileHandler' driver.
INFO - 2023-10-19 09:49:22 --> Session: Class initialized using 'CodeIgniter\Session\Handlers\FileHandler' driver.
INFO - 2023-10-19 09:49:22 --> Session: Class initialized using 'CodeIgniter\Session\Handlers\FileHandler' driver.
ERROR - 2023-10-19 09:49:22 --> mysqli_sql_exception: You have an error in your SQL syntax; check the manual that corresponds to your MariaDB server version for the right syntax to use near '.supplierid = supplier.id inner join users onpo.usersid = users.id' at line 1 in E:\xampp\htdocs\akzero_web\vendor\codeigniter4\framework\system\Database\MySQLi\Connection.php:295
Stack trace:
#0 E:\xampp\htdocs\akzero_web\vendor\codeigniter4\framework\system\Database\MySQLi\Connection.php(295): mysqli->query('select po.id AS...', 0)
#1 E:\xampp\htdocs\akzero_web\vendor\codeigniter4\framework\system\Database\BaseConnection.php(692): CodeIgniter\Database\MySQLi\Connection->execute('select po.id AS...')
#2 E:\xampp\htdocs\akzero_web\vendor\codeigniter4\framework\system\Database\BaseConnection.php(606): CodeIgniter\Database\BaseConnection->simpleQuery('select po.id AS...')
#3 E:\xampp\htdocs\akzero_web\app\Models\poModel.php(28): CodeIgniter\Database\BaseConnection->query('select po.id AS...')
#4 E:\xampp\htdocs\akzero_web\app\Controllers\Po.php(54): App\Models\poModel->poListajax()
#5 E:\xampp\htdocs\akzero_web\vendor\codeigniter4\framework\system\CodeIgniter.php(932): App\Controllers\po->loadlistpo()
#6 E:\xampp\htdocs\akzero_web\vendor\codeigniter4\framework\system\CodeIgniter.php(497): CodeIgniter\CodeIgniter->runController(Object(App\Controllers\po))
#7 E:\xampp\htdocs\akzero_web\vendor\codeigniter4\framework\system\CodeIgniter.php(366): CodeIgniter\CodeIgniter->handleRequest(NULL, Object(Config\Cache), false)
#8 E:\xampp\htdocs\akzero_web\public\index.php(67): CodeIgniter\CodeIgniter->run()
#9 E:\xampp\htdocs\akzero_web\vendor\codeigniter4\framework\system\Commands\Server\rewrite.php(47): require_once('E:\\xampp\\htdocs...')
#10 {main}
CRITICAL - 2023-10-19 09:49:22 --> You have an error in your SQL syntax; check the manual that corresponds to your MariaDB server version for the right syntax to use near '.supplierid = supplier.id inner join users onpo.usersid = users.id' at line 1
in SYSTEMPATH\Database\MySQLi\Connection.php on line 295.
 1 SYSTEMPATH\Database\MySQLi\Connection.php(295): mysqli->query('select po.id AS poid,po.pono AS pono,po.podate AS podate,po.indate AS indate,po.currency AS currency,supplier.id AS supplierid, supplier.suppliername AS suppliername,users.id AS usersid,users.fullname AS fullname,po.discount AS discount,po.ppn AS ppn, coalesce(t1.grandtotal,0) AS grandtotal, po.terbilang AS terbilang,po.postatus AS postatus from po left join (select poid, qtyprice * price as grandtotal from po_detail) as t1 on t1.poid = po.id inner join supplier onpo.supplierid = supplier.id inner join users onpo.usersid = users.id', 0)
 2 SYSTEMPATH\Database\BaseConnection.php(692): CodeIgniter\Database\MySQLi\Connection->execute('select po.id AS poid,po.pono AS pono,po.podate AS podate,po.indate AS indate,po.currency AS currency,supplier.id AS supplierid, supplier.suppliername AS suppliername,users.id AS usersid,users.fullname AS fullname,po.discount AS discount,po.ppn AS ppn, coalesce(t1.grandtotal,0) AS grandtotal, po.terbilang AS terbilang,po.postatus AS postatus from po left join (select poid, qtyprice * price as grandtotal from po_detail) as t1 on t1.poid = po.id inner join supplier onpo.supplierid = supplier.id inner join users onpo.usersid = users.id')
 3 SYSTEMPATH\Database\BaseConnection.php(606): CodeIgniter\Database\BaseConnection->simpleQuery('select po.id AS poid,po.pono AS pono,po.podate AS podate,po.indate AS indate,po.currency AS currency,supplier.id AS supplierid, supplier.suppliername AS suppliername,users.id AS usersid,users.fullname AS fullname,po.discount AS discount,po.ppn AS ppn, coalesce(t1.grandtotal,0) AS grandtotal, po.terbilang AS terbilang,po.postatus AS postatus from po left join (select poid, qtyprice * price as grandtotal from po_detail) as t1 on t1.poid = po.id inner join supplier onpo.supplierid = supplier.id inner join users onpo.usersid = users.id')
 4 APPPATH\Models\poModel.php(28): CodeIgniter\Database\BaseConnection->query('select po.id AS poid,po.pono AS pono,po.podate AS podate,po.indate AS indate,po.currency AS currency,supplier.id AS supplierid, supplier.suppliername AS suppliername,users.id AS usersid,users.fullname AS fullname,po.discount AS discount,po.ppn AS ppn, coalesce(t1.grandtotal,0) AS grandtotal, po.terbilang AS terbilang,po.postatus AS postatus from po left join (select poid, qtyprice * price as grandtotal from po_detail) as t1 on t1.poid = po.id inner join supplier onpo.supplierid = supplier.id inner join users onpo.usersid = users.id')
 5 APPPATH\Controllers\Po.php(54): App\Models\poModel->poListajax()
 6 SYSTEMPATH\CodeIgniter.php(932): App\Controllers\po->loadlistpo()
 7 SYSTEMPATH\CodeIgniter.php(497): CodeIgniter\CodeIgniter->runController(Object(App\Controllers\po))
 8 SYSTEMPATH\CodeIgniter.php(366): CodeIgniter\CodeIgniter->handleRequest(null, Object(Config\Cache), false)
 9 FCPATH\index.php(67): CodeIgniter\CodeIgniter->run()
10 SYSTEMPATH\Commands\Server\rewrite.php(47): require_once('E:\\xampp\\htdocs\\akzero_web\\public\\index.php')
INFO - 2023-10-19 09:49:33 --> Session: Class initialized using 'CodeIgniter\Session\Handlers\FileHandler' driver.
INFO - 2023-10-19 09:49:34 --> Session: Class initialized using 'CodeIgniter\Session\Handlers\FileHandler' driver.
INFO - 2023-10-19 09:49:35 --> Session: Class initialized using 'CodeIgniter\Session\Handlers\FileHandler' driver.
ERROR - 2023-10-19 09:49:35 --> mysqli_sql_exception: You have an error in your SQL syntax; check the manual that corresponds to your MariaDB server version for the right syntax to use near '.supplierid = supplier.id inner join users onpo.usersid = users.id' at line 1 in E:\xampp\htdocs\akzero_web\vendor\codeigniter4\framework\system\Database\MySQLi\Connection.php:295
Stack trace:
#0 E:\xampp\htdocs\akzero_web\vendor\codeigniter4\framework\system\Database\MySQLi\Connection.php(295): mysqli->query('select po.id AS...', 0)
#1 E:\xampp\htdocs\akzero_web\vendor\codeigniter4\framework\system\Database\BaseConnection.php(692): CodeIgniter\Database\MySQLi\Connection->execute('select po.id AS...')
#2 E:\xampp\htdocs\akzero_web\vendor\codeigniter4\framework\system\Database\BaseConnection.php(606): CodeIgniter\Database\BaseConnection->simpleQuery('select po.id AS...')
#3 E:\xampp\htdocs\akzero_web\app\Models\poModel.php(28): CodeIgniter\Database\BaseConnection->query('select po.id AS...')
#4 E:\xampp\htdocs\akzero_web\app\Controllers\Po.php(54): App\Models\poModel->poListajax()
#5 E:\xampp\htdocs\akzero_web\vendor\codeigniter4\framework\system\CodeIgniter.php(932): App\Controllers\po->loadlistpo()
#6 E:\xampp\htdocs\akzero_web\vendor\codeigniter4\framework\system\CodeIgniter.php(497): CodeIgniter\CodeIgniter->runController(Object(App\Controllers\po))
#7 E:\xampp\htdocs\akzero_web\vendor\codeigniter4\framework\system\CodeIgniter.php(366): CodeIgniter\CodeIgniter->handleRequest(NULL, Object(Config\Cache), false)
#8 E:\xampp\htdocs\akzero_web\public\index.php(67): CodeIgniter\CodeIgniter->run()
#9 E:\xampp\htdocs\akzero_web\vendor\codeigniter4\framework\system\Commands\Server\rewrite.php(47): require_once('E:\\xampp\\htdocs...')
#10 {main}
CRITICAL - 2023-10-19 09:49:35 --> You have an error in your SQL syntax; check the manual that corresponds to your MariaDB server version for the right syntax to use near '.supplierid = supplier.id inner join users onpo.usersid = users.id' at line 1
in SYSTEMPATH\Database\MySQLi\Connection.php on line 295.
 1 SYSTEMPATH\Database\MySQLi\Connection.php(295): mysqli->query('select po.id AS poid,po.pono AS pono,po.podate AS podate,po.indate AS indate,po.currency AS currency,supplier.id AS supplierid, supplier.suppliername AS suppliername,users.id AS usersid,users.fullname AS fullname,po.discount AS discount,po.ppn AS ppn, coalesce(t1.grandtotal,0) AS grandtotal, po.terbilang AS terbilang,po.postatus AS postatus from po left join (select poid, qtyprice * price as grandtotal from po_detail) as t1 on t1.poid = po.id inner join supplier onpo.supplierid = supplier.id inner join users onpo.usersid = users.id', 0)
 2 SYSTEMPATH\Database\BaseConnection.php(692): CodeIgniter\Database\MySQLi\Connection->execute('select po.id AS poid,po.pono AS pono,po.podate AS podate,po.indate AS indate,po.currency AS currency,supplier.id AS supplierid, supplier.suppliername AS suppliername,users.id AS usersid,users.fullname AS fullname,po.discount AS discount,po.ppn AS ppn, coalesce(t1.grandtotal,0) AS grandtotal, po.terbilang AS terbilang,po.postatus AS postatus from po left join (select poid, qtyprice * price as grandtotal from po_detail) as t1 on t1.poid = po.id inner join supplier onpo.supplierid = supplier.id inner join users onpo.usersid = users.id')
 3 SYSTEMPATH\Database\BaseConnection.php(606): CodeIgniter\Database\BaseConnection->simpleQuery('select po.id AS poid,po.pono AS pono,po.podate AS podate,po.indate AS indate,po.currency AS currency,supplier.id AS supplierid, supplier.suppliername AS suppliername,users.id AS usersid,users.fullname AS fullname,po.discount AS discount,po.ppn AS ppn, coalesce(t1.grandtotal,0) AS grandtotal, po.terbilang AS terbilang,po.postatus AS postatus from po left join (select poid, qtyprice * price as grandtotal from po_detail) as t1 on t1.poid = po.id inner join supplier onpo.supplierid = supplier.id inner join users onpo.usersid = users.id')
 4 APPPATH\Models\poModel.php(28): CodeIgniter\Database\BaseConnection->query('select po.id AS poid,po.pono AS pono,po.podate AS podate,po.indate AS indate,po.currency AS currency,supplier.id AS supplierid, supplier.suppliername AS suppliername,users.id AS usersid,users.fullname AS fullname,po.discount AS discount,po.ppn AS ppn, coalesce(t1.grandtotal,0) AS grandtotal, po.terbilang AS terbilang,po.postatus AS postatus from po left join (select poid, qtyprice * price as grandtotal from po_detail) as t1 on t1.poid = po.id inner join supplier onpo.supplierid = supplier.id inner join users onpo.usersid = users.id')
 5 APPPATH\Controllers\Po.php(54): App\Models\poModel->poListajax()
 6 SYSTEMPATH\CodeIgniter.php(932): App\Controllers\po->loadlistpo()
 7 SYSTEMPATH\CodeIgniter.php(497): CodeIgniter\CodeIgniter->runController(Object(App\Controllers\po))
 8 SYSTEMPATH\CodeIgniter.php(366): CodeIgniter\CodeIgniter->handleRequest(null, Object(Config\Cache), false)
 9 FCPATH\index.php(67): CodeIgniter\CodeIgniter->run()
10 SYSTEMPATH\Commands\Server\rewrite.php(47): require_once('E:\\xampp\\htdocs\\akzero_web\\public\\index.php')
INFO - 2023-10-19 09:50:06 --> Session: Class initialized using 'CodeIgniter\Session\Handlers\FileHandler' driver.
INFO - 2023-10-19 09:50:07 --> Session: Class initialized using 'CodeIgniter\Session\Handlers\FileHandler' driver.
INFO - 2023-10-19 09:50:07 --> Session: Class initialized using 'CodeIgniter\Session\Handlers\FileHandler' driver.
INFO - 2023-10-19 09:54:42 --> Session: Class initialized using 'CodeIgniter\Session\Handlers\FileHandler' driver.
INFO - 2023-10-19 09:54:43 --> Session: Class initialized using 'CodeIgniter\Session\Handlers\FileHandler' driver.
INFO - 2023-10-19 09:54:43 --> Session: Class initialized using 'CodeIgniter\Session\Handlers\FileHandler' driver.
ERROR - 2023-10-19 09:54:43 --> mysqli_sql_exception: Unknown column 'po.currecy' in 'field list' in E:\xampp\htdocs\akzero_web\vendor\codeigniter4\framework\system\Database\MySQLi\Connection.php:295
Stack trace:
#0 E:\xampp\htdocs\akzero_web\vendor\codeigniter4\framework\system\Database\MySQLi\Connection.php(295): mysqli->query('SELECT \r\n      ...', 0)
#1 E:\xampp\htdocs\akzero_web\vendor\codeigniter4\framework\system\Database\BaseConnection.php(692): CodeIgniter\Database\MySQLi\Connection->execute('SELECT \r\n      ...')
#2 E:\xampp\htdocs\akzero_web\vendor\codeigniter4\framework\system\Database\BaseConnection.php(606): CodeIgniter\Database\BaseConnection->simpleQuery('SELECT \r\n      ...')
#3 E:\xampp\htdocs\akzero_web\app\Models\poModel.php(45): CodeIgniter\Database\BaseConnection->query('SELECT \r\n      ...')
#4 E:\xampp\htdocs\akzero_web\app\Controllers\Po.php(54): App\Models\poModel->poListajax()
#5 E:\xampp\htdocs\akzero_web\vendor\codeigniter4\framework\system\CodeIgniter.php(932): App\Controllers\po->loadlistpo()
#6 E:\xampp\htdocs\akzero_web\vendor\codeigniter4\framework\system\CodeIgniter.php(497): CodeIgniter\CodeIgniter->runController(Object(App\Controllers\po))
#7 E:\xampp\htdocs\akzero_web\vendor\codeigniter4\framework\system\CodeIgniter.php(366): CodeIgniter\CodeIgniter->handleRequest(NULL, Object(Config\Cache), false)
#8 E:\xampp\htdocs\akzero_web\public\index.php(67): CodeIgniter\CodeIgniter->run()
#9 E:\xampp\htdocs\akzero_web\vendor\codeigniter4\framework\system\Commands\Server\rewrite.php(47): require_once('E:\\xampp\\htdocs...')
#10 {main}
CRITICAL - 2023-10-19 09:54:43 --> Unknown column 'po.currecy' in 'field list'
in SYSTEMPATH\Database\MySQLi\Connection.php on line 295.
 1 SYSTEMPATH\Database\MySQLi\Connection.php(295): mysqli->query('SELECT 
        `po`.`id` AS `poid`,
        `po`.`pono` AS `pono`,
        `po`.`podate`,
        `po`.`indate`,
        `po`.`currecy`,
        `supplier`.`id` AS `supplierid`,
        `supplier`.`suppliername`,
        `users`.`id` AS `usersid`,
        `users`.`fullname`,
        `po`.`discount`,
        `po`.`ppn`,
        COALESCE(`t1`.`grandtotal`,0) AS `grandtotal`, 
        `po`.`terbilang`,
        `po`.`postatus` FROM `po`
        LEFT JOIN (select `poid`, `qtyprice` * `price` AS `grandtotal` FROM `po_detail`) AS `t1` ON `t1`.`poid` = `po`.`id` 
        INNER JOIN `supplier` ON `po`.`supplierid` = `supplier`.`id` 
        INNER JOIN `users` ON `po`.`usersid` = `users`.`id`', 0)
 2 SYSTEMPATH\Database\BaseConnection.php(692): CodeIgniter\Database\MySQLi\Connection->execute('SELECT 
        `po`.`id` AS `poid`,
        `po`.`pono` AS `pono`,
        `po`.`podate`,
        `po`.`indate`,
        `po`.`currecy`,
        `supplier`.`id` AS `supplierid`,
        `supplier`.`suppliername`,
        `users`.`id` AS `usersid`,
        `users`.`fullname`,
        `po`.`discount`,
        `po`.`ppn`,
        COALESCE(`t1`.`grandtotal`,0) AS `grandtotal`, 
        `po`.`terbilang`,
        `po`.`postatus` FROM `po`
        LEFT JOIN (select `poid`, `qtyprice` * `price` AS `grandtotal` FROM `po_detail`) AS `t1` ON `t1`.`poid` = `po`.`id` 
        INNER JOIN `supplier` ON `po`.`supplierid` = `supplier`.`id` 
        INNER JOIN `users` ON `po`.`usersid` = `users`.`id`')
 3 SYSTEMPATH\Database\BaseConnection.php(606): CodeIgniter\Database\BaseConnection->simpleQuery('SELECT 
        `po`.`id` AS `poid`,
        `po`.`pono` AS `pono`,
        `po`.`podate`,
        `po`.`indate`,
        `po`.`currecy`,
        `supplier`.`id` AS `supplierid`,
        `supplier`.`suppliername`,
        `users`.`id` AS `usersid`,
        `users`.`fullname`,
        `po`.`discount`,
        `po`.`ppn`,
        COALESCE(`t1`.`grandtotal`,0) AS `grandtotal`, 
        `po`.`terbilang`,
        `po`.`postatus` FROM `po`
        LEFT JOIN (select `poid`, `qtyprice` * `price` AS `grandtotal` FROM `po_detail`) AS `t1` ON `t1`.`poid` = `po`.`id` 
        INNER JOIN `supplier` ON `po`.`supplierid` = `supplier`.`id` 
        INNER JOIN `users` ON `po`.`usersid` = `users`.`id`')
 4 APPPATH\Models\poModel.php(45): CodeIgniter\Database\BaseConnection->query('SELECT 
        `po`.`id` AS `poid`,
        `po`.`pono` AS `pono`,
        `po`.`podate`,
        `po`.`indate`,
        `po`.`currecy`,
        `supplier`.`id` AS `supplierid`,
        `supplier`.`suppliername`,
        `users`.`id` AS `usersid`,
        `users`.`fullname`,
        `po`.`discount`,
        `po`.`ppn`,
        COALESCE(`t1`.`grandtotal`,0) AS `grandtotal`, 
        `po`.`terbilang`,
        `po`.`postatus` FROM `po`
        LEFT JOIN (select `poid`, `qtyprice` * `price` AS `grandtotal` FROM `po_detail`) AS `t1` ON `t1`.`poid` = `po`.`id` 
        INNER JOIN `supplier` ON `po`.`supplierid` = `supplier`.`id` 
        INNER JOIN `users` ON `po`.`usersid` = `users`.`id`')
 5 APPPATH\Controllers\Po.php(54): App\Models\poModel->poListajax()
 6 SYSTEMPATH\CodeIgniter.php(932): App\Controllers\po->loadlistpo()
 7 SYSTEMPATH\CodeIgniter.php(497): CodeIgniter\CodeIgniter->runController(Object(App\Controllers\po))
 8 SYSTEMPATH\CodeIgniter.php(366): CodeIgniter\CodeIgniter->handleRequest(null, Object(Config\Cache), false)
 9 FCPATH\index.php(67): CodeIgniter\CodeIgniter->run()
10 SYSTEMPATH\Commands\Server\rewrite.php(47): require_once('E:\\xampp\\htdocs\\akzero_web\\public\\index.php')
INFO - 2023-10-19 09:55:07 --> Session: Class initialized using 'CodeIgniter\Session\Handlers\FileHandler' driver.
INFO - 2023-10-19 09:55:08 --> Session: Class initialized using 'CodeIgniter\Session\Handlers\FileHandler' driver.
INFO - 2023-10-19 09:55:08 --> Session: Class initialized using 'CodeIgniter\Session\Handlers\FileHandler' driver.
INFO - 2023-10-19 09:58:29 --> Session: Class initialized using 'CodeIgniter\Session\Handlers\FileHandler' driver.
INFO - 2023-10-19 09:58:29 --> Session: Class initialized using 'CodeIgniter\Session\Handlers\FileHandler' driver.
INFO - 2023-10-19 09:58:29 --> Session: Class initialized using 'CodeIgniter\Session\Handlers\FileHandler' driver.
INFO - 2023-10-19 09:59:14 --> Session: Class initialized using 'CodeIgniter\Session\Handlers\FileHandler' driver.
INFO - 2023-10-19 09:59:15 --> Session: Class initialized using 'CodeIgniter\Session\Handlers\FileHandler' driver.
INFO - 2023-10-19 09:59:15 --> Session: Class initialized using 'CodeIgniter\Session\Handlers\FileHandler' driver.
INFO - 2023-10-19 09:59:20 --> Session: Class initialized using 'CodeIgniter\Session\Handlers\FileHandler' driver.
INFO - 2023-10-19 09:59:21 --> Session: Class initialized using 'CodeIgniter\Session\Handlers\FileHandler' driver.
INFO - 2023-10-19 09:59:21 --> Session: Class initialized using 'CodeIgniter\Session\Handlers\FileHandler' driver.
INFO - 2023-10-19 09:59:32 --> Session: Class initialized using 'CodeIgniter\Session\Handlers\FileHandler' driver.
INFO - 2023-10-19 09:59:33 --> Session: Class initialized using 'CodeIgniter\Session\Handlers\FileHandler' driver.
INFO - 2023-10-19 09:59:33 --> Session: Class initialized using 'CodeIgniter\Session\Handlers\FileHandler' driver.
INFO - 2023-10-19 10:01:21 --> Session: Class initialized using 'CodeIgniter\Session\Handlers\FileHandler' driver.
INFO - 2023-10-19 10:01:23 --> Session: Class initialized using 'CodeIgniter\Session\Handlers\FileHandler' driver.
INFO - 2023-10-19 10:01:23 --> Session: Class initialized using 'CodeIgniter\Session\Handlers\FileHandler' driver.
INFO - 2023-10-19 10:02:14 --> Session: Class initialized using 'CodeIgniter\Session\Handlers\FileHandler' driver.
INFO - 2023-10-19 10:02:15 --> Session: Class initialized using 'CodeIgniter\Session\Handlers\FileHandler' driver.
INFO - 2023-10-19 10:02:15 --> Session: Class initialized using 'CodeIgniter\Session\Handlers\FileHandler' driver.
INFO - 2023-10-19 10:03:19 --> Session: Class initialized using 'CodeIgniter\Session\Handlers\FileHandler' driver.
INFO - 2023-10-19 10:03:20 --> Session: Class initialized using 'CodeIgniter\Session\Handlers\FileHandler' driver.
INFO - 2023-10-19 10:03:20 --> Session: Class initialized using 'CodeIgniter\Session\Handlers\FileHandler' driver.
INFO - 2023-10-19 10:03:37 --> Session: Class initialized using 'CodeIgniter\Session\Handlers\FileHandler' driver.
INFO - 2023-10-19 10:03:38 --> Session: Class initialized using 'CodeIgniter\Session\Handlers\FileHandler' driver.
INFO - 2023-10-19 10:03:38 --> Session: Class initialized using 'CodeIgniter\Session\Handlers\FileHandler' driver.
INFO - 2023-10-19 10:03:49 --> Session: Class initialized using 'CodeIgniter\Session\Handlers\FileHandler' driver.
INFO - 2023-10-19 10:03:50 --> Session: Class initialized using 'CodeIgniter\Session\Handlers\FileHandler' driver.
INFO - 2023-10-19 10:03:50 --> Session: Class initialized using 'CodeIgniter\Session\Handlers\FileHandler' driver.
INFO - 2023-10-19 10:04:08 --> Session: Class initialized using 'CodeIgniter\Session\Handlers\FileHandler' driver.
INFO - 2023-10-19 10:04:09 --> Session: Class initialized using 'CodeIgniter\Session\Handlers\FileHandler' driver.
INFO - 2023-10-19 10:04:09 --> Session: Class initialized using 'CodeIgniter\Session\Handlers\FileHandler' driver.
INFO - 2023-10-19 10:04:22 --> Session: Class initialized using 'CodeIgniter\Session\Handlers\FileHandler' driver.
INFO - 2023-10-19 10:04:22 --> Session: Class initialized using 'CodeIgniter\Session\Handlers\FileHandler' driver.
INFO - 2023-10-19 10:04:23 --> Session: Class initialized using 'CodeIgniter\Session\Handlers\FileHandler' driver.
