INFO - 2023-08-23 00:43:12 --> Session: Class initialized using 'CodeIgniter\Session\Handlers\FileHandler' driver.
INFO - 2023-08-23 00:43:13 --> Session: Class initialized using 'CodeIgniter\Session\Handlers\FileHandler' driver.
INFO - 2023-08-23 03:27:26 --> Session: Class initialized using 'CodeIgniter\Session\Handlers\FileHandler' driver.
INFO - 2023-08-23 06:02:14 --> Session: Class initialized using 'CodeIgniter\Session\Handlers\FileHandler' driver.
INFO - 2023-08-23 06:02:20 --> Session: Class initialized using 'CodeIgniter\Session\Handlers\FileHandler' driver.
INFO - 2023-08-23 06:02:21 --> Session: Class initialized using 'CodeIgniter\Session\Handlers\FileHandler' driver.
INFO - 2023-08-23 06:02:28 --> Session: Class initialized using 'CodeIgniter\Session\Handlers\FileHandler' driver.
INFO - 2023-08-23 06:02:29 --> Session: Class initialized using 'CodeIgniter\Session\Handlers\FileHandler' driver.
INFO - 2023-08-23 06:02:55 --> Session: Class initialized using 'CodeIgniter\Session\Handlers\FileHandler' driver.
INFO - 2023-08-23 06:02:55 --> Session: Class initialized using 'CodeIgniter\Session\Handlers\FileHandler' driver.
INFO - 2023-08-23 07:27:58 --> Session: Class initialized using 'CodeIgniter\Session\Handlers\FileHandler' driver.
INFO - 2023-08-23 07:27:59 --> Session: Class initialized using 'CodeIgniter\Session\Handlers\FileHandler' driver.
INFO - 2023-08-23 07:27:59 --> Session: Class initialized using 'CodeIgniter\Session\Handlers\FileHandler' driver.
INFO - 2023-08-23 07:28:08 --> Session: Class initialized using 'CodeIgniter\Session\Handlers\FileHandler' driver.
INFO - 2023-08-23 07:28:09 --> Session: Class initialized using 'CodeIgniter\Session\Handlers\FileHandler' driver.
INFO - 2023-08-23 07:28:09 --> Session: Class initialized using 'CodeIgniter\Session\Handlers\FileHandler' driver.
INFO - 2023-08-23 07:32:11 --> Session: Class initialized using 'CodeIgniter\Session\Handlers\FileHandler' driver.
INFO - 2023-08-23 07:32:12 --> Session: Class initialized using 'CodeIgniter\Session\Handlers\FileHandler' driver.
INFO - 2023-08-23 07:32:12 --> Session: Class initialized using 'CodeIgniter\Session\Handlers\FileHandler' driver.
CRITICAL - 2023-08-23 07:32:12 --> Undefined property: stdClass::$bomimg
in APPPATH\Controllers\Users.php on line 62.
 1 APPPATH\Controllers\Users.php(62): CodeIgniter\Debug\Exceptions->errorHandler(8, 'Undefined property: stdClass::$bomimg', 'E:\\xampp\\htdocs\\akzero_web\\app\\Controllers\\Users.php', 62, [...])
 2 SYSTEMPATH\CodeIgniter.php(932): App\Controllers\Users->loadlistuser()
 3 SYSTEMPATH\CodeIgniter.php(497): CodeIgniter\CodeIgniter->runController(Object(App\Controllers\Users))
 4 SYSTEMPATH\CodeIgniter.php(366): CodeIgniter\CodeIgniter->handleRequest(null, Object(Config\Cache), false)
 5 FCPATH\index.php(67): CodeIgniter\CodeIgniter->run()
 6 SYSTEMPATH\Commands\Server\rewrite.php(47): require_once('E:\\xampp\\htdocs\\akzero_web\\public\\index.php')
INFO - 2023-08-23 07:33:17 --> Session: Class initialized using 'CodeIgniter\Session\Handlers\FileHandler' driver.
INFO - 2023-08-23 07:33:18 --> Session: Class initialized using 'CodeIgniter\Session\Handlers\FileHandler' driver.
INFO - 2023-08-23 07:33:18 --> Session: Class initialized using 'CodeIgniter\Session\Handlers\FileHandler' driver.
CRITICAL - 2023-08-23 07:33:18 --> Undefined property: stdClass::$bomimg
in APPPATH\Controllers\Users.php on line 62.
 1 APPPATH\Controllers\Users.php(62): CodeIgniter\Debug\Exceptions->errorHandler(8, 'Undefined property: stdClass::$bomimg', 'E:\\xampp\\htdocs\\akzero_web\\app\\Controllers\\Users.php', 62, [...])
 2 SYSTEMPATH\CodeIgniter.php(932): App\Controllers\Users->loadlistuser()
 3 SYSTEMPATH\CodeIgniter.php(497): CodeIgniter\CodeIgniter->runController(Object(App\Controllers\Users))
 4 SYSTEMPATH\CodeIgniter.php(366): CodeIgniter\CodeIgniter->handleRequest(null, Object(Config\Cache), false)
 5 FCPATH\index.php(67): CodeIgniter\CodeIgniter->run()
 6 SYSTEMPATH\Commands\Server\rewrite.php(47): require_once('E:\\xampp\\htdocs\\akzero_web\\public\\index.php')
INFO - 2023-08-23 07:33:46 --> Session: Class initialized using 'CodeIgniter\Session\Handlers\FileHandler' driver.
INFO - 2023-08-23 07:33:47 --> Session: Class initialized using 'CodeIgniter\Session\Handlers\FileHandler' driver.
INFO - 2023-08-23 07:33:47 --> Session: Class initialized using 'CodeIgniter\Session\Handlers\FileHandler' driver.
CRITICAL - 2023-08-23 07:33:47 --> Undefined property: stdClass::$bomimg
in APPPATH\Controllers\Users.php on line 62.
 1 APPPATH\Controllers\Users.php(62): CodeIgniter\Debug\Exceptions->errorHandler(8, 'Undefined property: stdClass::$bomimg', 'E:\\xampp\\htdocs\\akzero_web\\app\\Controllers\\Users.php', 62, [...])
 2 SYSTEMPATH\CodeIgniter.php(932): App\Controllers\Users->loadlistuser()
 3 SYSTEMPATH\CodeIgniter.php(497): CodeIgniter\CodeIgniter->runController(Object(App\Controllers\Users))
 4 SYSTEMPATH\CodeIgniter.php(366): CodeIgniter\CodeIgniter->handleRequest(null, Object(Config\Cache), false)
 5 FCPATH\index.php(67): CodeIgniter\CodeIgniter->run()
 6 SYSTEMPATH\Commands\Server\rewrite.php(47): require_once('E:\\xampp\\htdocs\\akzero_web\\public\\index.php')
INFO - 2023-08-23 07:34:34 --> Session: Class initialized using 'CodeIgniter\Session\Handlers\FileHandler' driver.
INFO - 2023-08-23 07:34:35 --> Session: Class initialized using 'CodeIgniter\Session\Handlers\FileHandler' driver.
INFO - 2023-08-23 07:34:35 --> Session: Class initialized using 'CodeIgniter\Session\Handlers\FileHandler' driver.
CRITICAL - 2023-08-23 07:34:35 --> Undefined property: stdClass::$bomimg
in APPPATH\Controllers\Users.php on line 62.
 1 APPPATH\Controllers\Users.php(62): CodeIgniter\Debug\Exceptions->errorHandler(8, 'Undefined property: stdClass::$bomimg', 'E:\\xampp\\htdocs\\akzero_web\\app\\Controllers\\Users.php', 62, [...])
 2 SYSTEMPATH\CodeIgniter.php(932): App\Controllers\Users->loadlistuser()
 3 SYSTEMPATH\CodeIgniter.php(497): CodeIgniter\CodeIgniter->runController(Object(App\Controllers\Users))
 4 SYSTEMPATH\CodeIgniter.php(366): CodeIgniter\CodeIgniter->handleRequest(null, Object(Config\Cache), false)
 5 FCPATH\index.php(67): CodeIgniter\CodeIgniter->run()
 6 SYSTEMPATH\Commands\Server\rewrite.php(47): require_once('E:\\xampp\\htdocs\\akzero_web\\public\\index.php')
INFO - 2023-08-23 07:38:11 --> Session: Class initialized using 'CodeIgniter\Session\Handlers\FileHandler' driver.
INFO - 2023-08-23 07:38:11 --> Session: Class initialized using 'CodeIgniter\Session\Handlers\FileHandler' driver.
INFO - 2023-08-23 07:38:11 --> Session: Class initialized using 'CodeIgniter\Session\Handlers\FileHandler' driver.
CRITICAL - 2023-08-23 07:38:11 --> Undefined property: stdClass::$bomimg
in APPPATH\Controllers\Users.php on line 62.
 1 APPPATH\Controllers\Users.php(62): CodeIgniter\Debug\Exceptions->errorHandler(8, 'Undefined property: stdClass::$bomimg', 'E:\\xampp\\htdocs\\akzero_web\\app\\Controllers\\Users.php', 62, [...])
 2 SYSTEMPATH\CodeIgniter.php(932): App\Controllers\Users->loadlistuser()
 3 SYSTEMPATH\CodeIgniter.php(497): CodeIgniter\CodeIgniter->runController(Object(App\Controllers\Users))
 4 SYSTEMPATH\CodeIgniter.php(366): CodeIgniter\CodeIgniter->handleRequest(null, Object(Config\Cache), false)
 5 FCPATH\index.php(67): CodeIgniter\CodeIgniter->run()
 6 SYSTEMPATH\Commands\Server\rewrite.php(47): require_once('E:\\xampp\\htdocs\\akzero_web\\public\\index.php')
INFO - 2023-08-23 07:38:15 --> Session: Class initialized using 'CodeIgniter\Session\Handlers\FileHandler' driver.
INFO - 2023-08-23 07:38:16 --> Session: Class initialized using 'CodeIgniter\Session\Handlers\FileHandler' driver.
CRITICAL - 2023-08-23 07:38:16 --> Trying to get property 'userimg' of non-object
in APPPATH\Views\userprofile\view.php on line 9.
 1 APPPATH\Views\userprofile\view.php(9): CodeIgniter\Debug\Exceptions->errorHandler(8, 'Trying to get property \'userimg\' of non-object', 'E:\\xampp\\htdocs\\akzero_web\\app\\Views\\userprofile\\view.php', 9, [...])
 2 SYSTEMPATH\View\View.php(224): include('E:\\xampp\\htdocs\\akzero_web\\app\\Views\\userprofile\\view.php')
 3 SYSTEMPATH\View\View.php(227): CodeIgniter\View\View->CodeIgniter\View\{closure}()
 4 SYSTEMPATH\Common.php(1180): CodeIgniter\View\View->render('userprofile/view', [], true)
 5 APPPATH\Controllers\UserProfile.php(37): view('userprofile/view', [...])
 6 SYSTEMPATH\CodeIgniter.php(932): App\Controllers\UserProfile->loaddata()
 7 SYSTEMPATH\CodeIgniter.php(497): CodeIgniter\CodeIgniter->runController(Object(App\Controllers\UserProfile))
 8 SYSTEMPATH\CodeIgniter.php(366): CodeIgniter\CodeIgniter->handleRequest(null, Object(Config\Cache), false)
 9 FCPATH\index.php(67): CodeIgniter\CodeIgniter->run()
10 SYSTEMPATH\Commands\Server\rewrite.php(47): require_once('E:\\xampp\\htdocs\\akzero_web\\public\\index.php')
INFO - 2023-08-23 07:38:21 --> Session: Class initialized using 'CodeIgniter\Session\Handlers\FileHandler' driver.
INFO - 2023-08-23 07:38:22 --> Session: Class initialized using 'CodeIgniter\Session\Handlers\FileHandler' driver.
INFO - 2023-08-23 07:38:49 --> Session: Class initialized using 'CodeIgniter\Session\Handlers\FileHandler' driver.
INFO - 2023-08-23 07:38:50 --> Session: Class initialized using 'CodeIgniter\Session\Handlers\FileHandler' driver.
INFO - 2023-08-23 07:38:50 --> Session: Class initialized using 'CodeIgniter\Session\Handlers\FileHandler' driver.
CRITICAL - 2023-08-23 07:38:50 --> Undefined property: stdClass::$bomimg
in APPPATH\Controllers\Users.php on line 62.
 1 APPPATH\Controllers\Users.php(62): CodeIgniter\Debug\Exceptions->errorHandler(8, 'Undefined property: stdClass::$bomimg', 'E:\\xampp\\htdocs\\akzero_web\\app\\Controllers\\Users.php', 62, [...])
 2 SYSTEMPATH\CodeIgniter.php(932): App\Controllers\Users->loadlistuser()
 3 SYSTEMPATH\CodeIgniter.php(497): CodeIgniter\CodeIgniter->runController(Object(App\Controllers\Users))
 4 SYSTEMPATH\CodeIgniter.php(366): CodeIgniter\CodeIgniter->handleRequest(null, Object(Config\Cache), false)
 5 FCPATH\index.php(67): CodeIgniter\CodeIgniter->run()
 6 SYSTEMPATH\Commands\Server\rewrite.php(47): require_once('E:\\xampp\\htdocs\\akzero_web\\public\\index.php')
INFO - 2023-08-23 07:38:59 --> Session: Class initialized using 'CodeIgniter\Session\Handlers\FileHandler' driver.
INFO - 2023-08-23 07:39:00 --> Session: Class initialized using 'CodeIgniter\Session\Handlers\FileHandler' driver.
INFO - 2023-08-23 07:39:00 --> Session: Class initialized using 'CodeIgniter\Session\Handlers\FileHandler' driver.
CRITICAL - 2023-08-23 07:39:00 --> Undefined property: stdClass::$bomimg
in APPPATH\Controllers\Users.php on line 62.
 1 APPPATH\Controllers\Users.php(62): CodeIgniter\Debug\Exceptions->errorHandler(8, 'Undefined property: stdClass::$bomimg', 'E:\\xampp\\htdocs\\akzero_web\\app\\Controllers\\Users.php', 62, [...])
 2 SYSTEMPATH\CodeIgniter.php(932): App\Controllers\Users->loadlistuser()
 3 SYSTEMPATH\CodeIgniter.php(497): CodeIgniter\CodeIgniter->runController(Object(App\Controllers\Users))
 4 SYSTEMPATH\CodeIgniter.php(366): CodeIgniter\CodeIgniter->handleRequest(null, Object(Config\Cache), false)
 5 FCPATH\index.php(67): CodeIgniter\CodeIgniter->run()
 6 SYSTEMPATH\Commands\Server\rewrite.php(47): require_once('E:\\xampp\\htdocs\\akzero_web\\public\\index.php')
INFO - 2023-08-23 07:40:47 --> Session: Class initialized using 'CodeIgniter\Session\Handlers\FileHandler' driver.
INFO - 2023-08-23 07:40:48 --> Session: Class initialized using 'CodeIgniter\Session\Handlers\FileHandler' driver.
INFO - 2023-08-23 07:40:48 --> Session: Class initialized using 'CodeIgniter\Session\Handlers\FileHandler' driver.
CRITICAL - 2023-08-23 07:40:48 --> Undefined property: stdClass::$id
in APPPATH\Controllers\Users.php on line 66.
 1 APPPATH\Controllers\Users.php(66): CodeIgniter\Debug\Exceptions->errorHandler(8, 'Undefined property: stdClass::$id', 'E:\\xampp\\htdocs\\akzero_web\\app\\Controllers\\Users.php', 66, [...])
 2 SYSTEMPATH\CodeIgniter.php(932): App\Controllers\Users->loadlistuser()
 3 SYSTEMPATH\CodeIgniter.php(497): CodeIgniter\CodeIgniter->runController(Object(App\Controllers\Users))
 4 SYSTEMPATH\CodeIgniter.php(366): CodeIgniter\CodeIgniter->handleRequest(null, Object(Config\Cache), false)
 5 FCPATH\index.php(67): CodeIgniter\CodeIgniter->run()
 6 SYSTEMPATH\Commands\Server\rewrite.php(47): require_once('E:\\xampp\\htdocs\\akzero_web\\public\\index.php')
INFO - 2023-08-23 07:42:09 --> Session: Class initialized using 'CodeIgniter\Session\Handlers\FileHandler' driver.
INFO - 2023-08-23 07:42:10 --> Session: Class initialized using 'CodeIgniter\Session\Handlers\FileHandler' driver.
INFO - 2023-08-23 07:42:11 --> Session: Class initialized using 'CodeIgniter\Session\Handlers\FileHandler' driver.
INFO - 2023-08-23 07:42:14 --> Session: Class initialized using 'CodeIgniter\Session\Handlers\FileHandler' driver.
INFO - 2023-08-23 07:42:15 --> Session: Class initialized using 'CodeIgniter\Session\Handlers\FileHandler' driver.
INFO - 2023-08-23 07:42:16 --> Session: Class initialized using 'CodeIgniter\Session\Handlers\FileHandler' driver.
INFO - 2023-08-23 07:42:20 --> Session: Class initialized using 'CodeIgniter\Session\Handlers\FileHandler' driver.
INFO - 2023-08-23 07:42:21 --> Session: Class initialized using 'CodeIgniter\Session\Handlers\FileHandler' driver.
INFO - 2023-08-23 07:42:21 --> Session: Class initialized using 'CodeIgniter\Session\Handlers\FileHandler' driver.
